INFO:root:Started
DEBUG:root:Started
INFO:werkzeug: * Running on http://localhost:4000/ (Press CTRL+C to quit)
INFO:werkzeug:127.0.0.1 - - [25/Apr/2016 17:40:49] "POST /jsonrpc HTTP/1.1" 200 -
INFO:root:Init infrastructure classes
DEBUG:root:Core is ready
DEBUG:root:Gate is ready
DEBUG:root:Database is ready
INFO:root:Build infrastructure connections
DEBUG:root:Gate connections are established
DEBUG:root:Database connections are established
DEBUG:root:Core connections are established
INFO:werkzeug: * Running on http://localhost:4000/ (Press CTRL+C to quit)
INFO:werkzeug:127.0.0.1 - - [25/Apr/2016 17:52:05] "POST /jsonrpc HTTP/1.1" 200 -
INFO:root:Init infrastructure classes
DEBUG:root:Core is ready
DEBUG:root:Gate is ready
DEBUG:root:Database is ready
INFO:root:Build infrastructure connections
DEBUG:root:Core connections are established
DEBUG:root:Gate connections are established
DEBUG:root:Database connections are established
INFO:werkzeug: * Running on http://localhost:4000/ (Press CTRL+C to quit)
INFO:werkzeug:127.0.0.1 - - [25/Apr/2016 18:12:43] "POST /jsonrpc HTTP/1.1" 200 -
INFO:root:Init infrastructure classes
DEBUG:root:Core is ready
DEBUG:root:Gate is ready
DEBUG:root:Database is ready
INFO:root:Build infrastructure connections
DEBUG:root:Database connections are established
DEBUG:root:Core connections are established
DEBUG:root:Gate connections are established
INFO:werkzeug: * Running on http://localhost:4000/ (Press CTRL+C to quit)
INFO:root:Init infrastructure classes
DEBUG:root:Core is ready
DEBUG:root:Gate is ready
DEBUG:root:Database is ready
INFO:root:Build infrastructure connections
DEBUG:root:Database connections are established
DEBUG:root:Gate connections are established
DEBUG:root:Core connections are established
INFO:werkzeug: * Running on http://localhost:4000/ (Press CTRL+C to quit)
INFO:werkzeug:127.0.0.1 - - [25/Apr/2016 18:13:54] "POST /jsonrpc HTTP/1.1" 200 -
